<?xml version="1.0" encoding="UTF-8"?>
<!-- Generated by org.testng.reporters.JUnitReportReporter -->
<testsuite hostname="DESKTOP-497RQHS" name="com.flexon.MavenTest.Example1" tests="3" failures="0" timestamp="5 Aug 2019 22:46:01 GMT" time="0.005" errors="0">
  <testcase name="test1" time="0.001" classname="com.flexon.MavenTest.Example1"/>
  <testcase name="Test2" time="0.002" classname="com.flexon.MavenTest.Example1"/>
  <testcase name="Test3" time="0.002" classname="com.flexon.MavenTest.Example1"/>
</testsuite> <!-- com.flexon.MavenTest.Example1 -->
