<?xml version="1.0" encoding="UTF-8"?>
<!-- Generated by org.testng.reporters.JUnitReportReporter -->
<testsuite hostname="DESKTOP-497RQHS" name="Logging.LoggerTest" tests="1" failures="0" timestamp="6 Aug 2019 18:08:22 GMT" time="0.007" errors="0">
  <testcase name="testLogger" time="0.007" classname="Logging.LoggerTest"/>
</testsuite> <!-- Logging.LoggerTest -->
