<?xml version="1.0" encoding="UTF-8"?>
<!-- Generated by org.testng.reporters.JUnitReportReporter -->
<testsuite hostname="DESKTOP-497RQHS" name="com.flexon.MavenTest.Assertions" tests="3" failures="0" timestamp="5 Aug 2019 22:46:01 GMT" time="0.008" errors="0">
  <testcase name="test2" time="0.006" classname="com.flexon.MavenTest.Assertions"/>
  <testcase name="test3" time="0.001" classname="com.flexon.MavenTest.Assertions"/>
  <testcase name="test1" time="0.001" classname="com.flexon.MavenTest.Assertions"/>
</testsuite> <!-- com.flexon.MavenTest.Assertions -->
